<?xml version="1.0" encoding="UTF-8"?>
<robot generator="Robot 7.0 (Python 3.11.7 on win32)" generated="2024-02-08T07:57:33.351659" rpa="false" schemaversion="5">
<suite id="s1" name="Demo1 Suite" source="C:\Users\mgilorka\PycharmProjects\pythonProject2\Zrobot_Suite\demo1_suite.robot">
<test id="s1-t1" name="TC2" line="12">
<kw name="Log To Console" owner="BuiltIn">
<arg>${My_NAME}</arg>
<doc>Logs the given message to the console.</doc>
<status status="PASS" start="2024-02-08T07:57:33.367660" elapsed="0.000000"/>
</kw>
<kw name="Log To Console" owner="BuiltIn">
<arg>${MOBILE}</arg>
<doc>Logs the given message to the console.</doc>
<status status="PASS" start="2024-02-08T07:57:33.368666" elapsed="0.000000"/>
</kw>
<kw name="Set Variable" owner="BuiltIn">
<msg time="2024-02-08T07:57:33.368666" level="INFO">${value} = 45</msg>
<var>${value}</var>
<arg>45</arg>
<doc>Returns the given values which can then be assigned to a variables.</doc>
<status status="PASS" start="2024-02-08T07:57:33.368666" elapsed="0.000992"/>
</kw>
<kw name="Log To Console" owner="BuiltIn">
<arg>${value}</arg>
<doc>Logs the given message to the console.</doc>
<status status="PASS" start="2024-02-08T07:57:33.369658" elapsed="0.000000"/>
</kw>
<status status="PASS" start="2024-02-08T07:57:33.367660" elapsed="0.001998"/>
</test>
<test id="s1-t2" name="TC2" line="18">
<kw name="Set Variable" owner="BuiltIn">
<msg time="2024-02-08T07:57:33.371659" level="INFO">${radius} = 10</msg>
<var>${radius}</var>
<arg>10</arg>
<doc>Returns the given values which can then be assigned to a variables.</doc>
<status status="PASS" start="2024-02-08T07:57:33.370659" elapsed="0.001000"/>
</kw>
<kw name="Set Variable" owner="BuiltIn">
<msg time="2024-02-08T07:57:33.371659" level="INFO">${pi} = 3.14</msg>
<var>${pi}</var>
<arg>3.14</arg>
<doc>Returns the given values which can then be assigned to a variables.</doc>
<status status="PASS" start="2024-02-08T07:57:33.371659" elapsed="0.000000"/>
</kw>
<kw name="Evaluate" owner="BuiltIn">
<msg time="2024-02-08T07:57:33.371659" level="INFO">${res} = 314.0</msg>
<var>${res}</var>
<arg>${pi}*${radius}*${radius}</arg>
<doc>Evaluates the given expression in Python and returns the result.</doc>
<status status="PASS" start="2024-02-08T07:57:33.371659" elapsed="0.000000"/>
</kw>
<kw name="Log To Console" owner="BuiltIn">
<arg>${res}</arg>
<doc>Logs the given message to the console.</doc>
<status status="PASS" start="2024-02-08T07:57:33.371659" elapsed="0.000000"/>
</kw>
<status status="PASS" start="2024-02-08T07:57:33.370659" elapsed="0.002000"/>
</test>
<status status="PASS" start="2024-02-08T07:57:33.353659" elapsed="0.019000"/>
</suite>
<statistics>
<total>
<stat pass="2" fail="0" skip="0">All Tests</stat>
</total>
<tag>
</tag>
<suite>
<stat pass="2" fail="0" skip="0" id="s1" name="Demo1 Suite">Demo1 Suite</stat>
</suite>
</statistics>
<errors>
<msg time="2024-02-08T07:57:33.370659" level="WARN">Multiple tests with name 'TC2' executed in suite 'Demo1 Suite'.</msg>
</errors>
</robot>
